0 info it worked if it ends with ok
1 verbose cli [ 'C:\\Program Files\\nodejs\\node.exe',
1 verbose cli   'C:\\Program Files\\nodejs\\node_modules\\npm\\bin\\npm-cli.js',
1 verbose cli   'run',
1 verbose cli   'start' ]
2 info using npm@4.0.5
3 info using node@v7.4.0
4 verbose run-script [ 'prestart', 'start', 'poststart' ]
5 info lifecycle flux-pricing@0.0.1~prestart: flux-pricing@0.0.1
6 silly lifecycle flux-pricing@0.0.1~prestart: no script for prestart, continuing
7 info lifecycle flux-pricing@0.0.1~start: flux-pricing@0.0.1
8 verbose lifecycle flux-pricing@0.0.1~start: unsafe-perm in lifecycle true
9 verbose lifecycle flux-pricing@0.0.1~start: PATH: C:\Program Files\nodejs\node_modules\npm\bin\node-gyp-bin;C:\Users\monic\WebstormProjects\Marlabs\react-flux-cart\node_modules\.bin;C:\Program Files\Java\jdk1.8.0_65\bin;C:\ProgramData\Oracle\Java\javapath;C:\Program Files (x86)\Intel\iCLS Client\;C:\Program Files\Intel\iCLS Client\;C:\WINDOWS\system32;C:\WINDOWS;C:\WINDOWS\System32\Wbem;C:\WINDOWS\System32\WindowsPowerShell\v1.0\;C:\Program Files (x86)\Intel\Intel(R) Management Engine Components\DAL;C:\Program Files\Intel\Intel(R) Management Engine Components\DAL;C:\Program Files (x86)\Intel\Intel(R) Management Engine Components\IPT;C:\Program Files\Intel\Intel(R) Management Engine Components\IPT;C:\Program Files\Intel\IntelSGXPSW\bin\x64\Release\;C:\Program Files\Intel\IntelSGXPSW\bin\win32\Release\;C:\Program Files (x86)\Skype\Phone\;C:\Program Files\TortoiseSVN\bin;C:\Homework3;C:\Program Files\nodejs\;C:\Program Files\Git\cmd;C:\WINDOWS\system32\config\systemprofile\.dnx\bin;C:\Program Files\Microsoft DNX\Dnvm\;C:\Program Files\Microsoft SQL Server\130\Tools\Binn\;C:\Program Files\MongoDB\Server\3.4\bin;C:\Program Files\Docker Toolbox
10 verbose lifecycle flux-pricing@0.0.1~start: CWD: C:\Users\monic\WebstormProjects\Marlabs\react-flux-cart
11 silly lifecycle flux-pricing@0.0.1~start: Args: [ '/d /s /c', 'watchify -o js/bundle.js -v -d .' ]
12 silly lifecycle flux-pricing@0.0.1~start: Returned: code: 3221225786  signal: null
13 info lifecycle flux-pricing@0.0.1~start: Failed to exec start script
14 verbose stack Error: flux-pricing@0.0.1 start: `watchify -o js/bundle.js -v -d .`
14 verbose stack Exit status 3221225786
14 verbose stack     at EventEmitter.<anonymous> (C:\Program Files\nodejs\node_modules\npm\lib\utils\lifecycle.js:279:16)
14 verbose stack     at emitTwo (events.js:106:13)
14 verbose stack     at EventEmitter.emit (events.js:191:7)
14 verbose stack     at ChildProcess.<anonymous> (C:\Program Files\nodejs\node_modules\npm\lib\utils\spawn.js:40:14)
14 verbose stack     at emitTwo (events.js:106:13)
14 verbose stack     at ChildProcess.emit (events.js:191:7)
14 verbose stack     at maybeClose (internal/child_process.js:885:16)
14 verbose stack     at Process.ChildProcess._handle.onexit (internal/child_process.js:226:5)
15 verbose pkgid flux-pricing@0.0.1
16 verbose cwd C:\Users\monic\WebstormProjects\Marlabs\react-flux-cart
17 error Windows_NT 10.0.14393
18 error argv "C:\\Program Files\\nodejs\\node.exe" "C:\\Program Files\\nodejs\\node_modules\\npm\\bin\\npm-cli.js" "run" "start"
19 error node v7.4.0
20 error npm  v4.0.5
21 error code ELIFECYCLE
22 error flux-pricing@0.0.1 start: `watchify -o js/bundle.js -v -d .`
22 error Exit status 3221225786
23 error Failed at the flux-pricing@0.0.1 start script 'watchify -o js/bundle.js -v -d .'.
23 error Make sure you have the latest version of node.js and npm installed.
23 error If you do, this is most likely a problem with the flux-pricing package,
23 error not with npm itself.
23 error Tell the author that this fails on your system:
23 error     watchify -o js/bundle.js -v -d .
23 error You can get information on how to open an issue for this project with:
23 error     npm bugs flux-pricing
23 error Or if that isn't available, you can get their info via:
23 error     npm owner ls flux-pricing
23 error There is likely additional logging output above.
24 verbose exit [ 1, true ]
